<?xml version="1.0" encoding="UTF-8"?>
<!-- Generated by org.testng.reporters.JUnitXMLReporter -->
<testsuite ignored="1" hostname="spb-nb-576" failures="6" tests="6" name="Surefire test" time="0.076" errors="0" timestamp="2022-04-27T11:08:42 MSK">
  <testcase classname="CourcesPageTest" name="SelectAfterPopularCourse" time="0.009">
    <failure type="java.lang.NullPointerException">
      <![CDATA[java.lang.NullPointerException
at CourcesPageTest.SelectAfterPopularCourse(CourcesPageTest.java:67)
at java.base/java.util.ArrayList.forEach(ArrayList.java:1511)
... Removed 32 stack frames]]>
    </failure>
  </testcase> <!-- SelectAfterPopularCourse -->
  <testcase classname="CourcesPageTest" name="SelectAfterSpecialCourse" time="0.0">
    <failure type="java.lang.NullPointerException">
      <![CDATA[java.lang.NullPointerException
at CourcesPageTest.SelectAfterSpecialCourse(CourcesPageTest.java:81)
at java.base/java.util.ArrayList.forEach(ArrayList.java:1511)
... Removed 32 stack frames]]>
    </failure>
  </testcase> <!-- SelectAfterSpecialCourse -->
  <testcase classname="CourcesPageTest" name="SelectBeforePopularCourses" time="0.0">
    <failure type="java.lang.NullPointerException">
      <![CDATA[java.lang.NullPointerException
at CourcesPageTest.SelectBeforePopularCourses(CourcesPageTest.java:60)
at java.base/java.util.ArrayList.forEach(ArrayList.java:1511)
... Removed 32 stack frames]]>
    </failure>
  </testcase> <!-- SelectBeforePopularCourses -->
  <testcase classname="CourcesPageTest" name="SelectBeforeSpecialCourse" time="0.0">
    <failure type="java.lang.NullPointerException">
      <![CDATA[java.lang.NullPointerException
at CourcesPageTest.SelectBeforeSpecialCourse(CourcesPageTest.java:74)
at java.base/java.util.ArrayList.forEach(ArrayList.java:1511)
... Removed 32 stack frames]]>
    </failure>
  </testcase> <!-- SelectBeforeSpecialCourse -->
  <testcase classname="CourcesPageTest" name="SelectMorePopularCourse" time="0.0">
    <failure type="java.lang.NullPointerException">
      <![CDATA[java.lang.NullPointerException
at CourcesPageTest.SelectMorePopularCourse(CourcesPageTest.java:90)
at java.base/java.util.ArrayList.forEach(ArrayList.java:1511)
... Removed 32 stack frames]]>
    </failure>
  </testcase> <!-- SelectMorePopularCourse -->
  <testcase classname="CourcesPageTest" name="SelectSpecialCourses" time="0.0">
    <failure type="java.lang.NullPointerException">
      <![CDATA[java.lang.NullPointerException
at CourcesPageTest.SelectSpecialCourses(CourcesPageTest.java:53)
at java.base/java.util.ArrayList.forEach(ArrayList.java:1511)
... Removed 32 stack frames]]>
    </failure>
  </testcase> <!-- SelectSpecialCourses -->
  <testcase classname="CourcesPageTest" name="ClickCourse" time="0.0">
    <ignored/>
  </testcase> <!-- ClickCourse -->
</testsuite> <!-- Surefire test -->
