-------------------------------------------------------------------------------
Test set: CourcesPageTest
-------------------------------------------------------------------------------
Tests run: 6, Failures: 6, Errors: 0, Skipped: 0, Time elapsed: 0.794 s <<< FAILURE! - in CourcesPageTest
SelectAfterPopularCourse(CourcesPageTest)  Time elapsed: 0.019 s  <<< FAILURE!
java.lang.NullPointerException
	at CourcesPageTest.SelectAfterPopularCourse(CourcesPageTest.java:67)

SelectAfterSpecialCourse(CourcesPageTest)  Time elapsed: 0 s  <<< FAILURE!
java.lang.NullPointerException
	at CourcesPageTest.SelectAfterSpecialCourse(CourcesPageTest.java:81)

SelectBeforePopularCourses(CourcesPageTest)  Time elapsed: 0 s  <<< FAILURE!
java.lang.NullPointerException
	at CourcesPageTest.SelectBeforePopularCourses(CourcesPageTest.java:60)

SelectBeforeSpecialCourse(CourcesPageTest)  Time elapsed: 0 s  <<< FAILURE!
java.lang.NullPointerException
	at CourcesPageTest.SelectBeforeSpecialCourse(CourcesPageTest.java:74)

SelectMorePopularCourse(CourcesPageTest)  Time elapsed: 0 s  <<< FAILURE!
java.lang.NullPointerException
	at CourcesPageTest.SelectMorePopularCourse(CourcesPageTest.java:90)

SelectSpecialCourses(CourcesPageTest)  Time elapsed: 0 s  <<< FAILURE!
java.lang.NullPointerException
	at CourcesPageTest.SelectSpecialCourses(CourcesPageTest.java:53)

